Log file open, 04/09/20 18:00:42
LogWindows: Failed to load 'aqProf.dll' (GetLastError=126)
LogWindows: File 'aqProf.dll' does not exist
LogWindows: Failed to load 'VtuneApi.dll' (GetLastError=126)
LogWindows: File 'VtuneApi.dll' does not exist
LogWindows: Failed to load 'VtuneApi32e.dll' (GetLastError=126)
LogWindows: File 'VtuneApi32e.dll' does not exist
LogConsoleResponse: Display: Failed to find resolution value strings in scalability ini. Falling back to default.
LogInit: Display: Running engine for game: IsoTetris
LogPlatformFile: Not using cached read wrapper
LogTaskGraph: Started task graph with 5 named threads and 47 total threads with 3 sets of task threads.
LogStats: Stats thread started at 0.049863
LogD3D11RHI: Loaded GFSDK_Aftermath_Lib.x64.dll
LogICUInternationalization: ICU TimeZone Detection - Raw Offset: +2:00, Platform Override: ''
LogPluginManager: Mounting plugin Paper2D
LogPluginManager: Mounting plugin AISupport
LogPluginManager: Mounting plugin LightPropagationVolume
LogPluginManager: Mounting plugin ActorLayerUtilities
LogPluginManager: Mounting plugin AnimationSharing
LogPluginManager: Mounting plugin CLionSourceCodeAccess
LogPluginManager: Mounting plugin CodeLiteSourceCodeAccess
LogPluginManager: Mounting plugin GitSourceControl
LogPluginManager: Mounting plugin KDevelopSourceCodeAccess
LogPluginManager: Mounting plugin NullSourceCodeAccess
LogPluginManager: Mounting plugin PerforceSourceControl
LogPluginManager: Mounting plugin PlasticSourceControl
LogPluginManager: Mounting plugin SubversionSourceControl
LogPluginManager: Mounting plugin UObjectPlugin
LogPluginManager: Mounting plugin VisualStudioCodeSourceCodeAccess
LogPluginManager: Mounting plugin VisualStudioSourceCodeAccess
LogPluginManager: Mounting plugin XCodeSourceCodeAccess
LogPluginManager: Mounting plugin AssetManagerEditor
LogPluginManager: Mounting plugin CryptoKeys
LogPluginManager: Mounting plugin CurveEditorTools
LogPluginManager: Mounting plugin DataValidation
LogPluginManager: Mounting plugin FacialAnimation
LogPluginManager: Mounting plugin GameplayTagsEditor
LogPluginManager: Mounting plugin MacGraphicsSwitching
LogPluginManager: Mounting plugin MaterialAnalyzer
LogPluginManager: Mounting plugin MobileLauncherProfileWizard
LogPluginManager: Mounting plugin PluginBrowser
LogPluginManager: Mounting plugin SpeedTreeImporter
LogPluginManager: Mounting plugin DatasmithContent
LogPluginManager: Mounting plugin VariantManagerContent
LogPluginManager: Mounting plugin AlembicImporter
LogPluginManager: Mounting plugin AutomationUtils
LogPluginManager: Mounting plugin BackChannel
LogPluginManager: Mounting plugin CharacterAI
LogPluginManager: Mounting plugin GeometryCache
LogPluginManager: Mounting plugin PlatformCrypto
LogPluginManager: Mounting plugin ProxyLODPlugin
LogPluginManager: Mounting plugin SkeletalReduction
LogPluginManager: Mounting plugin MagicLeap
LogPluginManager: Mounting plugin MagicLeapMedia
LogPluginManager: Mounting plugin MLSDK
LogPluginManager: Mounting plugin AndroidMedia
LogPluginManager: Mounting plugin AvfMedia
LogPluginManager: Mounting plugin ImgMedia
LogPluginManager: Mounting plugin MediaCompositing
LogPluginManager: Mounting plugin MediaPlayerEditor
LogPluginManager: Mounting plugin WebMMedia
LogPluginManager: Mounting plugin WmfMedia
LogPluginManager: Mounting plugin TcpMessaging
LogPluginManager: Mounting plugin UdpMessaging
LogPluginManager: Mounting plugin ActorSequence
LogPluginManager: Mounting plugin LevelSequenceEditor
LogPluginManager: Mounting plugin MatineeToLevelSequence
LogPluginManager: Mounting plugin NetcodeUnitTest
LogPluginManager: Mounting plugin NUTUnrealEngine4
LogPluginManager: Mounting plugin OnlineSubsystemGooglePlay
LogPluginManager: Mounting plugin OnlineSubsystemIOS
LogPluginManager: Mounting plugin OnlineSubsystem
LogPluginManager: Mounting plugin OnlineSubsystemNull
LogPluginManager: Mounting plugin OnlineSubsystemUtils
LogPluginManager: Mounting plugin LauncherChunkInstaller
LogPluginManager: Mounting plugin AndroidDeviceProfileSelector
LogPluginManager: Mounting plugin AndroidMoviePlayer
LogPluginManager: Mounting plugin AndroidPermission
LogPluginManager: Mounting plugin AppleImageUtils
LogPluginManager: Mounting plugin AppleMoviePlayer
LogPluginManager: Mounting plugin ArchVisCharacter
LogPluginManager: Mounting plugin AssetTags
LogPluginManager: Mounting plugin AudioCapture
LogPluginManager: Mounting plugin CableComponent
LogPluginManager: Mounting plugin CustomMeshComponent
LogPluginManager: Mounting plugin EditableMesh
LogPluginManager: Mounting plugin ExampleDeviceProfileSelector
LogPluginManager: Mounting plugin GoogleCloudMessaging
LogPluginManager: Mounting plugin HDRIBackdrop
LogPluginManager: Mounting plugin IOSDeviceProfileSelector
LogPluginManager: Mounting plugin LinuxDeviceProfileSelector
LogPluginManager: Mounting plugin LocationServicesBPLibrary
LogPluginManager: Mounting plugin MobilePatchingUtils
LogPluginManager: Mounting plugin OculusVR
LogPluginManager: Mounting plugin PhysXVehicles
LogPluginManager: Mounting plugin PostSplashScreen
LogPluginManager: Mounting plugin ProceduralMeshComponent
LogPluginManager: Mounting plugin RuntimePhysXCooking
LogPluginManager: Mounting plugin SignificanceManager
LogPluginManager: Mounting plugin SteamVR
LogPluginManager: Mounting plugin WebMMoviePlayer
LogPluginManager: Mounting plugin WindowsMoviePlayer
LogPluginManager: Mounting plugin ScreenshotTools
LogInit: Using libcurl 7.55.1-DEV
LogInit:  - built for x86_64-pc-win32
LogInit:  - supports SSL with OpenSSL/1.1.1
LogInit:  - supports HTTP deflate (compression) using libz 1.2.8
LogInit:  - other features:
LogInit:      CURL_VERSION_SSL
LogInit:      CURL_VERSION_LIBZ
LogInit:      CURL_VERSION_IPV6
LogInit:      CURL_VERSION_ASYNCHDNS
LogInit:      CURL_VERSION_LARGEFILE
LogInit:      CURL_VERSION_IDN
LogInit:  CurlRequestOptions (configurable via config and command line):
LogInit:  - bVerifyPeer = true  - Libcurl will verify peer certificate
LogInit:  - bUseHttpProxy = false  - Libcurl will NOT use HTTP proxy
LogInit:  - bDontReuseConnections = false  - Libcurl will reuse connections
LogInit:  - MaxHostConnections = 16  - Libcurl will limit the number of connections to a host
LogInit:  - LocalHostAddr = Default
LogInit:  - BufferSize = 65536
LogOnline: OSS: Creating online subsystem instance for: NULL
LogInit: WinSock: version 1.1 (2.2), MaxSocks=32767, MaxUdp=65467
LogOnline: OSS: TryLoadSubsystemAndSetDefault: Loaded subsystem for module [NULL]
LogInit: Build: ++UE4+Release-4.24-CL-11100242
LogInit: Engine Version: 4.24.2-11100242+++UE4+Release-4.24
LogInit: Compatible Engine Version: 4.24.0-10570792+++UE4+Release-4.24
LogInit: Net CL: 10570792
LogInit: OS: Windows 10 (Release 1909) (), CPU: Intel(R) Core(TM) i9-9900K CPU @ 3.60GHz, GPU: NVIDIA GeForce GTX 1080
LogInit: Compiled (64-bit): Jan 24 2020 02:05:53
LogInit: Compiled with Visual C++: 19.16.27032.01
LogInit: Build Configuration: Development
LogInit: Branch Name: ++UE4+Release-4.24
LogInit: Command Line: 
LogInit: Base Directory: C:/Program Files/Epic Games/UE_4.24/Engine/Binaries/Win64/
LogInit: Installed Engine Build: 1
LogDevObjectVersion: Number of dev versions registered: 25
LogDevObjectVersion:   Dev-Blueprints (B0D832E4-1F89-4F0D-ACCF-7EB736FD4AA2): 10
LogDevObjectVersion:   Dev-Build (E1C64328-A22C-4D53-A36C-8E866417BD8C): 0
LogDevObjectVersion:   Dev-Core (375EC13C-06E4-48FB-B500-84F0262A717E): 3
LogDevObjectVersion:   Dev-Editor (E4B068ED-F494-42E9-A231-DA0B2E46BB41): 37
LogDevObjectVersion:   Dev-Framework (CFFC743F-43B0-4480-9391-14DF171D2073): 36
LogDevObjectVersion:   Dev-Mobile (B02B49B5-BB20-44E9-A304-32B752E40360): 2
LogDevObjectVersion:   Dev-Networking (A4E4105C-59A1-49B5-A7C5-40C4547EDFEE): 0
LogDevObjectVersion:   Dev-Online (39C831C9-5AE6-47DC-9A44-9C173E1C8E7C): 0
LogDevObjectVersion:   Dev-Physics (78F01B33-EBEA-4F98-B9B4-84EACCB95AA2): 2
LogDevObjectVersion:   Dev-Platform (6631380F-2D4D-43E0-8009-CF276956A95A): 0
LogDevObjectVersion:   Dev-Rendering (12F88B9F-8875-4AFC-A67C-D90C383ABD29): 36
LogDevObjectVersion:   Dev-Sequencer (7B5AE74C-D270-4C10-A958-57980B212A5A): 11
LogDevObjectVersion:   Dev-VR (D7296918-1DD6-4BDD-9DE2-64A83CC13884): 2
LogDevObjectVersion:   Dev-LoadTimes (C2A15278-BFE7-4AFE-6C17-90FF531DF755): 1
LogDevObjectVersion:   Private-Geometry (6EACA3D4-40EC-4CC1-B786-8BED09428FC5): 3
LogDevObjectVersion:   Dev-AnimPhys (29E575DD-E0A3-4627-9D10-D276232CDCEA): 17
LogDevObjectVersion:   Dev-Anim (AF43A65D-7FD3-4947-9873-3E8ED9C1BB05): 2
LogDevObjectVersion:   Dev-ReflectionCapture (6B266CEC-1EC7-4B8F-A30B-E4D90942FC07): 1
LogDevObjectVersion:   Dev-Automation (0DF73D61-A23F-47EA-B727-89E90C41499A): 1
LogDevObjectVersion:   FortniteMain (601D1886-AC64-4F84-AA16-D3DE0DEAC7D6): 31
LogDevObjectVersion:   Dev-Enterprise (9DFFBCD6-494F-0158-E221-12823C92A888): 8
LogDevObjectVersion:   Dev-Niagara (F2AED0AC-9AFE-416F-8664-AA7FFA26D6FC): 1
LogDevObjectVersion:   Dev-Destruction (174F1F0B-B4C6-45A5-B13F-2EE8D0FB917D): 9
LogDevObjectVersion:   Dev-Physics-Ext (35F94A83-E258-406C-A318-09F59610247C): 8
LogDevObjectVersion:   Dev-CineCamera (B2E18506-4273-CFC2-A54E-F4BB758BBA07): 1
LogInit: Presizing for max 25165824 objects, including 0 objects not considered by GC, pre-allocating 0 bytes for permanent pool.
LogInit: Object subsystem initialized
LogConfig: Setting CVar [[con.DebugEarlyDefault:1]]
LogConfig: Setting CVar [[r.setres:1280x720]]
[2020.04.09-15.00.42:853][  0]LogConfig: Setting CVar [[r.VSync:0]]
[2020.04.09-15.00.42:853][  0]LogConfig: Setting CVar [[r.RHICmdBypass:0]]
[2020.04.09-15.00.42:853][  0]LogConfig: Applying CVar settings from Section [/Script/Engine.RendererSettings] File [C:/Users/User/Documents/GitHub/IsoTetris/Saved/Config/Windows/Engine.ini]
[2020.04.09-15.00.42:853][  0]LogConfig: Setting CVar [[r.GPUCrashDebugging:0]]
[2020.04.09-15.00.42:853][  0]LogConfig: Setting CVar [[r.CustomDepth:3]]
[2020.04.09-15.00.42:853][  0]LogConfig: Applying CVar settings from Section [/Script/Engine.RendererOverrideSettings] File [C:/Users/User/Documents/GitHub/IsoTetris/Saved/Config/Windows/Engine.ini]
[2020.04.09-15.00.42:853][  0]LogConfig: Applying CVar settings from Section [/Script/Engine.StreamingSettings] File [C:/Users/User/Documents/GitHub/IsoTetris/Saved/Config/Windows/Engine.ini]
[2020.04.09-15.00.42:853][  0]LogConfig: Setting CVar [[s.MinBulkDataSizeForAsyncLoading:131072]]
[2020.04.09-15.00.42:853][  0]LogConfig: Setting CVar [[s.AsyncLoadingThreadEnabled:0]]
[2020.04.09-15.00.42:853][  0]LogConfig: Setting CVar [[s.EventDrivenLoaderEnabled:1]]
[2020.04.09-15.00.42:853][  0]LogConfig: Setting CVar [[s.WarnIfTimeLimitExceeded:0]]
[2020.04.09-15.00.42:853][  0]LogConfig: Setting CVar [[s.TimeLimitExceededMultiplier:1.5]]
[2020.04.09-15.00.42:853][  0]LogConfig: Setting CVar [[s.TimeLimitExceededMinTime:0.005]]
[2020.04.09-15.00.42:853][  0]LogConfig: Setting CVar [[s.UseBackgroundLevelStreaming:1]]
[2020.04.09-15.00.42:853][  0]LogConfig: Setting CVar [[s.PriorityAsyncLoadingExtraTime:15.0]]
[2020.04.09-15.00.42:853][  0]LogConfig: Setting CVar [[s.LevelStreamingActorsUpdateTimeLimit:5.0]]
[2020.04.09-15.00.42:853][  0]LogConfig: Setting CVar [[s.PriorityLevelStreamingActorsUpdateExtraTime:5.0]]
[2020.04.09-15.00.42:853][  0]LogConfig: Setting CVar [[s.LevelStreamingComponentsRegistrationGranularity:10]]
[2020.04.09-15.00.42:853][  0]LogConfig: Setting CVar [[s.UnregisterComponentsTimeLimit:1.0]]
[2020.04.09-15.00.42:853][  0]LogConfig: Setting CVar [[s.LevelStreamingComponentsUnregistrationGranularity:5]]
[2020.04.09-15.00.42:853][  0]LogConfig: Setting CVar [[s.FlushStreamingOnExit:1]]
[2020.04.09-15.00.42:853][  0]LogConfig: Applying CVar settings from Section [/Script/Engine.GarbageCollectionSettings] File [C:/Users/User/Documents/GitHub/IsoTetris/Saved/Config/Windows/Engine.ini]
[2020.04.09-15.00.42:853][  0]LogConfig: Setting CVar [[gc.MaxObjectsNotConsideredByGC:1]]
[2020.04.09-15.00.42:853][  0]LogConfig: Setting CVar [[gc.SizeOfPermanentObjectPool:0]]
[2020.04.09-15.00.42:853][  0]LogConfig: Setting CVar [[gc.FlushStreamingOnGC:0]]
[2020.04.09-15.00.42:853][  0]LogConfig: Setting CVar [[gc.NumRetriesBeforeForcingGC:10]]
[2020.04.09-15.00.42:853][  0]LogConfig: Setting CVar [[gc.AllowParallelGC:1]]
[2020.04.09-15.00.42:853][  0]LogConfig: Setting CVar [[gc.TimeBetweenPurgingPendingKillObjects:61.1]]
[2020.04.09-15.00.42:853][  0]LogConfig: Setting CVar [[gc.MaxObjectsInEditor:25165824]]
[2020.04.09-15.00.42:853][  0]LogConfig: Setting CVar [[gc.IncrementalBeginDestroyEnabled:1]]
[2020.04.09-15.00.42:853][  0]LogConfig: Setting CVar [[gc.CreateGCClusters:1]]
[2020.04.09-15.00.42:853][  0]LogConfig: Setting CVar [[gc.MinGCClusterSize:5]]
[2020.04.09-15.00.42:853][  0]LogConfig: Setting CVar [[gc.ActorClusteringEnabled:0]]
[2020.04.09-15.00.42:853][  0]LogConfig: Setting CVar [[gc.BlueprintClusteringEnabled:0]]
[2020.04.09-15.00.42:853][  0]LogConfig: Setting CVar [[gc.UseDisregardForGCOnDedicatedServers:0]]
[2020.04.09-15.00.42:853][  0]LogConfig: Applying CVar settings from Section [/Script/Engine.NetworkSettings] File [C:/Users/User/Documents/GitHub/IsoTetris/Saved/Config/Windows/Engine.ini]
[2020.04.09-15.00.42:853][  0]LogConfig: Applying CVar settings from Section [/Script/UnrealEd.CookerSettings] File [C:/Users/User/Documents/GitHub/IsoTetris/Saved/Config/Windows/Engine.ini]
[2020.04.09-15.00.42:856][  0]LogConfig: Applying CVar settings from Section [ViewDistanceQuality@3] File [C:/Users/User/Documents/GitHub/IsoTetris/Saved/Config/Windows/Scalability.ini]
[2020.04.09-15.00.42:856][  0]LogConfig: Setting CVar [[r.SkeletalMeshLODBias:0]]
[2020.04.09-15.00.42:856][  0]LogConfig: Setting CVar [[r.ViewDistanceScale:1.0]]
[2020.04.09-15.00.42:856][  0]LogConfig: Applying CVar settings from Section [AntiAliasingQuality@3] File [C:/Users/User/Documents/GitHub/IsoTetris/Saved/Config/Windows/Scalability.ini]
[2020.04.09-15.00.42:856][  0]LogConfig: Setting CVar [[r.PostProcessAAQuality:4]]
[2020.04.09-15.00.42:856][  0]LogConfig: Applying CVar settings from Section [ShadowQuality@3] File [C:/Users/User/Documents/GitHub/IsoTetris/Saved/Config/Windows/Scalability.ini]
[2020.04.09-15.00.42:856][  0]LogConfig: Setting CVar [[r.LightFunctionQuality:1]]
[2020.04.09-15.00.42:856][  0]LogConfig: Setting CVar [[r.ShadowQuality:5]]
[2020.04.09-15.00.42:856][  0]LogConfig: Setting CVar [[r.Shadow.CSM.MaxCascades:10]]
[2020.04.09-15.00.42:856][  0]LogConfig: Setting CVar [[r.Shadow.MaxResolution:2048]]
[2020.04.09-15.00.42:856][  0]LogConfig: Setting CVar [[r.Shadow.MaxCSMResolution:2048]]
[2020.04.09-15.00.42:856][  0]LogConfig: Setting CVar [[r.Shadow.RadiusThreshold:0.01]]
[2020.04.09-15.00.42:856][  0]LogConfig: Setting CVar [[r.Shadow.DistanceScale:1.0]]
[2020.04.09-15.00.42:856][  0]LogConfig: Setting CVar [[r.Shadow.CSM.TransitionScale:1.0]]
[2020.04.09-15.00.42:856][  0]LogConfig: Setting CVar [[r.Shadow.PreShadowResolutionFactor:1.0]]
[2020.04.09-15.00.42:856][  0]LogConfig: Setting CVar [[r.DistanceFieldShadowing:1]]
[2020.04.09-15.00.42:856][  0]LogConfig: Setting CVar [[r.DistanceFieldAO:1]]
[2020.04.09-15.00.42:856][  0]LogConfig: Setting CVar [[r.AOQuality:2]]
[2020.04.09-15.00.42:856][  0]LogConfig: Setting CVar [[r.VolumetricFog:1]]
[2020.04.09-15.00.42:856][  0]LogConfig: Setting CVar [[r.VolumetricFog.GridPixelSize:8]]
[2020.04.09-15.00.42:856][  0]LogConfig: Setting CVar [[r.VolumetricFog.GridSizeZ:128]]
[2020.04.09-15.00.42:857][  0]LogConfig: Setting CVar [[r.VolumetricFog.HistoryMissSupersampleCount:4]]
[2020.04.09-15.00.42:857][  0]LogConfig: Setting CVar [[r.LightMaxDrawDistanceScale:1]]
[2020.04.09-15.00.42:857][  0]LogConfig: Setting CVar [[r.CapsuleShadows:1]]
[2020.04.09-15.00.42:857][  0]LogConfig: Applying CVar settings from Section [PostProcessQuality@3] File [C:/Users/User/Documents/GitHub/IsoTetris/Saved/Config/Windows/Scalability.ini]
[2020.04.09-15.00.42:857][  0]LogConfig: Setting CVar [[r.MotionBlurQuality:4]]
[2020.04.09-15.00.42:857][  0]LogConfig: Setting CVar [[r.AmbientOcclusionMipLevelFactor:0.4]]
[2020.04.09-15.00.42:857][  0]LogConfig: Setting CVar [[r.AmbientOcclusionMaxQuality:100]]
[2020.04.09-15.00.42:857][  0]LogConfig: Setting CVar [[r.AmbientOcclusionLevels:-1]]
[2020.04.09-15.00.42:857][  0]LogConfig: Setting CVar [[r.AmbientOcclusionRadiusScale:1.0]]
[2020.04.09-15.00.42:857][  0]LogConfig: Setting CVar [[r.DepthOfFieldQuality:2]]
[2020.04.09-15.00.42:857][  0]LogConfig: Setting CVar [[r.RenderTargetPoolMin:400]]
[2020.04.09-15.00.42:857][  0]LogConfig: Setting CVar [[r.LensFlareQuality:2]]
[2020.04.09-15.00.42:857][  0]LogConfig: Setting CVar [[r.SceneColorFringeQuality:1]]
[2020.04.09-15.00.42:857][  0]LogConfig: Setting CVar [[r.EyeAdaptationQuality:2]]
[2020.04.09-15.00.42:857][  0]LogConfig: Setting CVar [[r.BloomQuality:5]]
[2020.04.09-15.00.42:857][  0]LogConfig: Setting CVar [[r.FastBlurThreshold:100]]
[2020.04.09-15.00.42:857][  0]LogConfig: Setting CVar [[r.Upscale.Quality:3]]
[2020.04.09-15.00.42:857][  0]LogConfig: Setting CVar [[r.Tonemapper.GrainQuantization:1]]
[2020.04.09-15.00.42:857][  0]LogConfig: Setting CVar [[r.LightShaftQuality:1]]
[2020.04.09-15.00.42:857][  0]LogConfig: Setting CVar [[r.Filter.SizeScale:1]]
[2020.04.09-15.00.42:857][  0]LogConfig: Setting CVar [[r.Tonemapper.Quality:5]]
[2020.04.09-15.00.42:857][  0]LogConfig: Setting CVar [[r.DOF.Gather.AccumulatorQuality:1        ; higher gathering accumulator quality]]
[2020.04.09-15.00.42:857][  0]LogConfig: Setting CVar [[r.DOF.Gather.PostfilterMethod:1          ; Median3x3 postfilering method]]
[2020.04.09-15.00.42:857][  0]LogConfig: Setting CVar [[r.DOF.Gather.EnableBokehSettings:0       ; no bokeh simulation when gathering]]
[2020.04.09-15.00.42:857][  0]LogConfig: Setting CVar [[r.DOF.Gather.RingCount:4                 ; medium number of samples when gathering]]
[2020.04.09-15.00.42:857][  0]LogConfig: Setting CVar [[r.DOF.Scatter.ForegroundCompositing:1    ; additive foreground scattering]]
[2020.04.09-15.00.42:857][  0]LogConfig: Setting CVar [[r.DOF.Scatter.BackgroundCompositing:2    ; additive background scattering]]
[2020.04.09-15.00.42:857][  0]LogConfig: Setting CVar [[r.DOF.Scatter.EnableBokehSettings:1      ; bokeh simulation when scattering]]
[2020.04.09-15.00.42:857][  0]LogConfig: Setting CVar [[r.DOF.Scatter.MaxSpriteRatio:0.1         ; only a maximum of 10% of scattered bokeh]]
[2020.04.09-15.00.42:857][  0]LogConfig: Setting CVar [[r.DOF.Recombine.Quality:1                ; cheap slight out of focus]]
[2020.04.09-15.00.42:857][  0]LogConfig: Setting CVar [[r.DOF.Recombine.EnableBokehSettings:0    ; no bokeh simulation on slight out of focus]]
[2020.04.09-15.00.42:857][  0]LogConfig: Setting CVar [[r.DOF.TemporalAAQuality:1                ; more stable temporal accumulation]]
[2020.04.09-15.00.42:857][  0]LogConfig: Setting CVar [[r.DOF.Kernel.MaxForegroundRadius:0.025]]
[2020.04.09-15.00.42:857][  0]LogConfig: Setting CVar [[r.DOF.Kernel.MaxBackgroundRadius:0.025]]
[2020.04.09-15.00.42:857][  0]LogConfig: Applying CVar settings from Section [TextureQuality@3] File [C:/Users/User/Documents/GitHub/IsoTetris/Saved/Config/Windows/Scalability.ini]
[2020.04.09-15.00.42:857][  0]LogConfig: Setting CVar [[r.Streaming.MipBias:0]]
[2020.04.09-15.00.42:857][  0]LogConfig: Setting CVar [[r.Streaming.AmortizeCPUToGPUCopy:0]]
[2020.04.09-15.00.42:857][  0]LogConfig: Setting CVar [[r.Streaming.MaxNumTexturesToStreamPerFrame:0]]
[2020.04.09-15.00.42:857][  0]LogConfig: Setting CVar [[r.Streaming.Boost:1]]
[2020.04.09-15.00.42:857][  0]LogConfig: Setting CVar [[r.MaxAnisotropy:8]]
[2020.04.09-15.00.42:857][  0]LogConfig: Setting CVar [[r.VT.MaxAnisotropy:8]]
[2020.04.09-15.00.42:857][  0]LogConfig: Setting CVar [[r.Streaming.LimitPoolSizeToVRAM:0]]
[2020.04.09-15.00.42:857][  0]LogConfig: Setting CVar [[r.Streaming.PoolSize:1000]]
[2020.04.09-15.00.42:857][  0]LogConfig: Setting CVar [[r.Streaming.MaxEffectiveScreenSize:0]]
[2020.04.09-15.00.42:857][  0]LogConfig: Applying CVar settings from Section [EffectsQuality@3] File [C:/Users/User/Documents/GitHub/IsoTetris/Saved/Config/Windows/Scalability.ini]
[2020.04.09-15.00.42:857][  0]LogConfig: Setting CVar [[r.TranslucencyLightingVolumeDim:64]]
[2020.04.09-15.00.42:857][  0]LogConfig: Setting CVar [[r.RefractionQuality:2]]
[2020.04.09-15.00.42:857][  0]LogConfig: Setting CVar [[r.SSR.Quality:3]]
[2020.04.09-15.00.42:857][  0]LogConfig: Setting CVar [[r.SSR.HalfResSceneColor:0]]
[2020.04.09-15.00.42:857][  0]LogConfig: Setting CVar [[r.SceneColorFormat:4]]
[2020.04.09-15.00.42:857][  0]LogConfig: Setting CVar [[r.DetailMode:2]]
[2020.04.09-15.00.42:857][  0]LogConfig: Setting CVar [[r.TranslucencyVolumeBlur:1]]
[2020.04.09-15.00.42:857][  0]LogConfig: Setting CVar [[r.MaterialQualityLevel:1 ; High quality]]
[2020.04.09-15.00.42:857][  0]LogConfig: Setting CVar [[r.SSS.Scale:1]]
[2020.04.09-15.00.42:857][  0]LogConfig: Setting CVar [[r.SSS.SampleSet:2]]
[2020.04.09-15.00.42:857][  0]LogConfig: Setting CVar [[r.SSS.Quality:1]]
[2020.04.09-15.00.42:857][  0]LogConfig: Setting CVar [[r.SSS.HalfRes:1]]
[2020.04.09-15.00.42:857][  0]LogConfig: Setting CVar [[r.SSGI.Quality:3]]
[2020.04.09-15.00.42:857][  0]LogConfig: Setting CVar [[r.EmitterSpawnRateScale:1.0]]
[2020.04.09-15.00.42:857][  0]LogConfig: Setting CVar [[r.ParticleLightQuality:2]]
[2020.04.09-15.00.42:857][  0]LogConfig: Setting CVar [[r.SkyAtmosphere.AerialPerspectiveLUT.FastApplyOnOpaque:1 ; Always have FastSkyLUT 1 in this case to avoid wrong sky]]
[2020.04.09-15.00.42:857][  0]LogConfig: Setting CVar [[r.SkyAtmosphere.AerialPerspectiveLUT.SampleCountPerSlice:1]]
[2020.04.09-15.00.42:857][  0]LogConfig: Setting CVar [[r.SkyAtmosphere.AerialPerspectiveLUT.DepthResolution:16.0]]
[2020.04.09-15.00.42:857][  0]LogConfig: Setting CVar [[r.SkyAtmosphere.FastSkyLUT:1]]
[2020.04.09-15.00.42:857][  0]LogConfig: Setting CVar [[r.SkyAtmosphere.FastSkyLUT.SampleCountMin:4.0]]
[2020.04.09-15.00.42:857][  0]LogConfig: Setting CVar [[r.SkyAtmosphere.FastSkyLUT.SampleCountMax:32.0]]
[2020.04.09-15.00.42:857][  0]LogConfig: Setting CVar [[r.SkyAtmosphere.SampleCountMin:4.0]]
[2020.04.09-15.00.42:857][  0]LogConfig: Setting CVar [[r.SkyAtmosphere.SampleCountMax:32.0]]
[2020.04.09-15.00.42:857][  0]LogConfig: Setting CVar [[r.SkyAtmosphere.TransmittanceLUT.UseSmallFormat:0]]
[2020.04.09-15.00.42:857][  0]LogConfig: Setting CVar [[r.SkyAtmosphere.TransmittanceLUT.SampleCount:10.0]]
[2020.04.09-15.00.42:857][  0]LogConfig: Setting CVar [[r.SkyAtmosphere.MultiScatteringLUT.SampleCount:15.0]]
[2020.04.09-15.00.42:857][  0]LogConfig: Applying CVar settings from Section [FoliageQuality@3] File [C:/Users/User/Documents/GitHub/IsoTetris/Saved/Config/Windows/Scalability.ini]
[2020.04.09-15.00.42:857][  0]LogConfig: Setting CVar [[foliage.DensityScale:1.0]]
[2020.04.09-15.00.42:857][  0]LogConfig: Setting CVar [[grass.DensityScale:1.0]]
[2020.04.09-15.00.42:857][  0]LogConfig: Applying CVar settings from Section [ShadingQuality@3] File [C:/Users/User/Documents/GitHub/IsoTetris/Saved/Config/Windows/Scalability.ini]
[2020.04.09-15.00.42:857][  0]LogConfig: Setting CVar [[r.HairStrands.SkyLighting.SampleCount:16]]
[2020.04.09-15.00.42:857][  0]LogConfig: Setting CVar [[r.HairStrands.SkyLighting.JitterIntegration:0]]
[2020.04.09-15.00.42:857][  0]LogConfig: Setting CVar [[r.HairStrands.SkyAO.SampleCount:16]]
[2020.04.09-15.00.42:857][  0]LogInit: Selected Device Profile: [Windows]
[2020.04.09-15.00.42:857][  0]LogInit: Applying CVar settings loaded from the selected device profile: [Windows]
[2020.04.09-15.00.42:859][  0]LogHAL: Display: Platform has ~ 64 GB [68630433792 / 68719476736 / 64], which maps to Largest [LargestMinGB=32, LargerMinGB=12, DefaultMinGB=8, SmallerMinGB=6, SmallestMinGB=0)
[2020.04.09-15.00.42:859][  0]LogInit: Going up to parent DeviceProfile []
[2020.04.09-15.00.42:859][  0]LogConfig: Applying CVar settings from Section [ViewDistanceQuality@3] File [C:/Users/User/Documents/GitHub/IsoTetris/Saved/Config/Windows/Scalability.ini]
[2020.04.09-15.00.42:859][  0]LogConfig: Setting CVar [[r.SkeletalMeshLODBias:0]]
[2020.04.09-15.00.42:859][  0]LogConfig: Setting CVar [[r.ViewDistanceScale:1.0]]
[2020.04.09-15.00.42:859][  0]LogConfig: Applying CVar settings from Section [AntiAliasingQuality@3] File [C:/Users/User/Documents/GitHub/IsoTetris/Saved/Config/Windows/Scalability.ini]
[2020.04.09-15.00.42:859][  0]LogConfig: Setting CVar [[r.PostProcessAAQuality:4]]
[2020.04.09-15.00.42:859][  0]LogConfig: Applying CVar settings from Section [ShadowQuality@3] File [C:/Users/User/Documents/GitHub/IsoTetris/Saved/Config/Windows/Scalability.ini]
[2020.04.09-15.00.42:859][  0]LogConfig: Setting CVar [[r.LightFunctionQuality:1]]
[2020.04.09-15.00.42:859][  0]LogConfig: Setting CVar [[r.ShadowQuality:5]]
[2020.04.09-15.00.42:859][  0]LogConfig: Setting CVar [[r.Shadow.CSM.MaxCascades:10]]
[2020.04.09-15.00.42:859][  0]LogConfig: Setting CVar [[r.Shadow.MaxResolution:2048]]
[2020.04.09-15.00.42:859][  0]LogConfig: Setting CVar [[r.Shadow.MaxCSMResolution:2048]]
[2020.04.09-15.00.42:859][  0]LogConfig: Setting CVar [[r.Shadow.RadiusThreshold:0.01]]
[2020.04.09-15.00.42:859][  0]LogConfig: Setting CVar [[r.Shadow.DistanceScale:1.0]]
[2020.04.09-15.00.42:859][  0]LogConfig: Setting CVar [[r.Shadow.CSM.TransitionScale:1.0]]
[2020.04.09-15.00.42:859][  0]LogConfig: Setting CVar [[r.Shadow.PreShadowResolutionFactor:1.0]]
[2020.04.09-15.00.42:859][  0]LogConfig: Setting CVar [[r.DistanceFieldShadowing:1]]
[2020.04.09-15.00.42:859][  0]LogConfig: Setting CVar [[r.DistanceFieldAO:1]]
[2020.04.09-15.00.42:859][  0]LogConfig: Setting CVar [[r.AOQuality:2]]
[2020.04.09-15.00.42:859][  0]LogConfig: Setting CVar [[r.VolumetricFog:1]]
[2020.04.09-15.00.42:859][  0]LogConfig: Setting CVar [[r.VolumetricFog.GridPixelSize:8]]
[2020.04.09-15.00.42:859][  0]LogConfig: Setting CVar [[r.VolumetricFog.GridSizeZ:128]]
[2020.04.09-15.00.42:859][  0]LogConfig: Setting CVar [[r.VolumetricFog.HistoryMissSupersampleCount:4]]
[2020.04.09-15.00.42:859][  0]LogConfig: Setting CVar [[r.LightMaxDrawDistanceScale:1]]
[2020.04.09-15.00.42:859][  0]LogConfig: Setting CVar [[r.CapsuleShadows:1]]
[2020.04.09-15.00.42:859][  0]LogConfig: Applying CVar settings from Section [PostProcessQuality@3] File [C:/Users/User/Documents/GitHub/IsoTetris/Saved/Config/Windows/Scalability.ini]
[2020.04.09-15.00.42:859][  0]LogConfig: Setting CVar [[r.MotionBlurQuality:4]]
[2020.04.09-15.00.42:859][  0]LogConfig: Setting CVar [[r.AmbientOcclusionMipLevelFactor:0.4]]
[2020.04.09-15.00.42:859][  0]LogConfig: Setting CVar [[r.AmbientOcclusionMaxQuality:100]]
[2020.04.09-15.00.42:859][  0]LogConfig: Setting CVar [[r.AmbientOcclusionLevels:-1]]
[2020.04.09-15.00.42:859][  0]LogConfig: Setting CVar [[r.AmbientOcclusionRadiusScale:1.0]]
[2020.04.09-15.00.42:859][  0]LogConfig: Setting CVar [[r.DepthOfFieldQuality:2]]
[2020.04.09-15.00.42:859][  0]LogConfig: Setting CVar [[r.RenderTargetPoolMin:400]]
[2020.04.09-15.00.42:859][  0]LogConfig: Setting CVar [[r.LensFlareQuality:2]]
[2020.04.09-15.00.42:859][  0]LogConfig: Setting CVar [[r.SceneColorFringeQuality:1]]
[2020.04.09-15.00.42:859][  0]LogConfig: Setting CVar [[r.EyeAdaptationQuality:2]]
[2020.04.09-15.00.42:859][  0]LogConfig: Setting CVar [[r.BloomQuality:5]]
[2020.04.09-15.00.42:859][  0]LogConfig: Setting CVar [[r.FastBlurThreshold:100]]
[2020.04.09-15.00.42:859][  0]LogConfig: Setting CVar [[r.Upscale.Quality:3]]
[2020.04.09-15.00.42:859][  0]LogConfig: Setting CVar [[r.Tonemapper.GrainQuantization:1]]
[2020.04.09-15.00.42:859][  0]LogConfig: Setting CVar [[r.LightShaftQuality:1]]
[2020.04.09-15.00.42:859][  0]LogConfig: Setting CVar [[r.Filter.SizeScale:1]]
[2020.04.09-15.00.42:859][  0]LogConfig: Setting CVar [[r.Tonemapper.Quality:5]]
[2020.04.09-15.00.42:859][  0]LogConfig: Setting CVar [[r.DOF.Gather.AccumulatorQuality:1        ; higher gathering accumulator quality]]
[2020.04.09-15.00.42:859][  0]LogConfig: Setting CVar [[r.DOF.Gather.PostfilterMethod:1          ; Median3x3 postfilering method]]
[2020.04.09-15.00.42:859][  0]LogConfig: Setting CVar [[r.DOF.Gather.EnableBokehSettings:0       ; no bokeh simulation when gathering]]
[2020.04.09-15.00.42:859][  0]LogConfig: Setting CVar [[r.DOF.Gather.RingCount:4                 ; medium number of samples when gathering]]
[2020.04.09-15.00.42:859][  0]LogConfig: Setting CVar [[r.DOF.Scatter.ForegroundCompositing:1    ; additive foreground scattering]]
[2020.04.09-15.00.42:859][  0]LogConfig: Setting CVar [[r.DOF.Scatter.BackgroundCompositing:2    ; additive background scattering]]
[2020.04.09-15.00.42:859][  0]LogConfig: Setting CVar [[r.DOF.Scatter.EnableBokehSettings:1      ; bokeh simulation when scattering]]
[2020.04.09-15.00.42:859][  0]LogConfig: Setting CVar [[r.DOF.Scatter.MaxSpriteRatio:0.1         ; only a maximum of 10% of scattered bokeh]]
[2020.04.09-15.00.42:859][  0]LogConfig: Setting CVar [[r.DOF.Recombine.Quality:1                ; cheap slight out of focus]]
[2020.04.09-15.00.42:859][  0]LogConfig: Setting CVar [[r.DOF.Recombine.EnableBokehSettings:0    ; no bokeh simulation on slight out of focus]]
[2020.04.09-15.00.42:859][  0]LogConfig: Setting CVar [[r.DOF.TemporalAAQuality:1                ; more stable temporal accumulation]]
[2020.04.09-15.00.42:860][  0]LogConfig: Setting CVar [[r.DOF.Kernel.MaxForegroundRadius:0.025]]
[2020.04.09-15.00.42:860][  0]LogConfig: Setting CVar [[r.DOF.Kernel.MaxBackgroundRadius:0.025]]
[2020.04.09-15.00.42:860][  0]LogConfig: Applying CVar settings from Section [TextureQuality@3] File [C:/Users/User/Documents/GitHub/IsoTetris/Saved/Config/Windows/Scalability.ini]
[2020.04.09-15.00.42:860][  0]LogConfig: Setting CVar [[r.Streaming.MipBias:0]]
[2020.04.09-15.00.42:860][  0]LogConfig: Setting CVar [[r.Streaming.AmortizeCPUToGPUCopy:0]]
[2020.04.09-15.00.42:860][  0]LogConfig: Setting CVar [[r.Streaming.MaxNumTexturesToStreamPerFrame:0]]
[2020.04.09-15.00.42:860][  0]LogConfig: Setting CVar [[r.Streaming.Boost:1]]
[2020.04.09-15.00.42:860][  0]LogConfig: Setting CVar [[r.MaxAnisotropy:8]]
[2020.04.09-15.00.42:860][  0]LogConfig: Setting CVar [[r.VT.MaxAnisotropy:8]]
[2020.04.09-15.00.42:860][  0]LogConfig: Setting CVar [[r.Streaming.LimitPoolSizeToVRAM:0]]
[2020.04.09-15.00.42:860][  0]LogConfig: Setting CVar [[r.Streaming.PoolSize:1000]]
[2020.04.09-15.00.42:860][  0]LogConfig: Setting CVar [[r.Streaming.MaxEffectiveScreenSize:0]]
[2020.04.09-15.00.42:860][  0]LogConfig: Applying CVar settings from Section [EffectsQuality@3] File [C:/Users/User/Documents/GitHub/IsoTetris/Saved/Config/Windows/Scalability.ini]
[2020.04.09-15.00.42:860][  0]LogConfig: Setting CVar [[r.TranslucencyLightingVolumeDim:64]]
[2020.04.09-15.00.42:860][  0]LogConfig: Setting CVar [[r.RefractionQuality:2]]
[2020.04.09-15.00.42:860][  0]LogConfig: Setting CVar [[r.SSR.Quality:3]]
[2020.04.09-15.00.42:860][  0]LogConfig: Setting CVar [[r.SSR.HalfResSceneColor:0]]
[2020.04.09-15.00.42:860][  0]LogConfig: Setting CVar [[r.SceneColorFormat:4]]
[2020.04.09-15.00.42:860][  0]LogConfig: Setting CVar [[r.DetailMode:2]]
[2020.04.09-15.00.42:860][  0]LogConfig: Setting CVar [[r.TranslucencyVolumeBlur:1]]
[2020.04.09-15.00.42:860][  0]LogConfig: Setting CVar [[r.MaterialQualityLevel:1 ; High quality]]
[2020.04.09-15.00.42:860][  0]LogConfig: Setting CVar [[r.SSS.Scale:1]]
[2020.04.09-15.00.42:860][  0]LogConfig: Setting CVar [[r.SSS.SampleSet:2]]
[2020.04.09-15.00.42:860][  0]LogConfig: Setting CVar [[r.SSS.Quality:1]]
[2020.04.09-15.00.42:860][  0]LogConfig: Setting CVar [[r.SSS.HalfRes:1]]
[2020.04.09-15.00.42:860][  0]LogConfig: Setting CVar [[r.SSGI.Quality:3]]
[2020.04.09-15.00.42:860][  0]LogConfig: Setting CVar [[r.EmitterSpawnRateScale:1.0]]
[2020.04.09-15.00.42:860][  0]LogConfig: Setting CVar [[r.ParticleLightQuality:2]]
[2020.04.09-15.00.42:860][  0]LogConfig: Setting CVar [[r.SkyAtmosphere.AerialPerspectiveLUT.FastApplyOnOpaque:1 ; Always have FastSkyLUT 1 in this case to avoid wrong sky]]
[2020.04.09-15.00.42:860][  0]LogConfig: Setting CVar [[r.SkyAtmosphere.AerialPerspectiveLUT.SampleCountPerSlice:1]]
[2020.04.09-15.00.42:860][  0]LogConfig: Setting CVar [[r.SkyAtmosphere.AerialPerspectiveLUT.DepthResolution:16.0]]
[2020.04.09-15.00.42:860][  0]LogConfig: Setting CVar [[r.SkyAtmosphere.FastSkyLUT:1]]
[2020.04.09-15.00.42:860][  0]LogConfig: Setting CVar [[r.SkyAtmosphere.FastSkyLUT.SampleCountMin:4.0]]
[2020.04.09-15.00.42:860][  0]LogConfig: Setting CVar [[r.SkyAtmosphere.FastSkyLUT.SampleCountMax:32.0]]
[2020.04.09-15.00.42:860][  0]LogConfig: Setting CVar [[r.SkyAtmosphere.SampleCountMin:4.0]]
[2020.04.09-15.00.42:860][  0]LogConfig: Setting CVar [[r.SkyAtmosphere.SampleCountMax:32.0]]
[2020.04.09-15.00.42:860][  0]LogConfig: Setting CVar [[r.SkyAtmosphere.TransmittanceLUT.UseSmallFormat:0]]
[2020.04.09-15.00.42:860][  0]LogConfig: Setting CVar [[r.SkyAtmosphere.TransmittanceLUT.SampleCount:10.0]]
[2020.04.09-15.00.42:860][  0]LogConfig: Setting CVar [[r.SkyAtmosphere.MultiScatteringLUT.SampleCount:15.0]]
[2020.04.09-15.00.42:860][  0]LogConfig: Applying CVar settings from Section [FoliageQuality@3] File [C:/Users/User/Documents/GitHub/IsoTetris/Saved/Config/Windows/Scalability.ini]
[2020.04.09-15.00.42:860][  0]LogConfig: Setting CVar [[foliage.DensityScale:1.0]]
[2020.04.09-15.00.42:860][  0]LogConfig: Setting CVar [[grass.DensityScale:1.0]]
[2020.04.09-15.00.42:860][  0]LogConfig: Applying CVar settings from Section [ShadingQuality@3] File [C:/Users/User/Documents/GitHub/IsoTetris/Saved/Config/Windows/Scalability.ini]
[2020.04.09-15.00.42:860][  0]LogConfig: Setting CVar [[r.HairStrands.SkyLighting.SampleCount:16]]
[2020.04.09-15.00.42:860][  0]LogConfig: Setting CVar [[r.HairStrands.SkyLighting.JitterIntegration:0]]
[2020.04.09-15.00.42:860][  0]LogConfig: Setting CVar [[r.HairStrands.SkyAO.SampleCount:16]]
[2020.04.09-15.00.42:860][  0]LogConfig: Applying CVar settings from Section [Startup] File [../../../Engine/Config/ConsoleVariables.ini]
[2020.04.09-15.00.42:860][  0]LogConfig: Setting CVar [[net.UseAdaptiveNetUpdateFrequency:0]]
[2020.04.09-15.00.42:860][  0]LogConfig: Setting CVar [[p.chaos.AllowCreatePhysxBodies:1]]
[2020.04.09-15.00.42:860][  0]LogConfig: Applying CVar settings from Section [ConsoleVariables] File [C:/Users/User/Documents/GitHub/IsoTetris/Saved/Config/Windows/Engine.ini]
[2020.04.09-15.00.42:860][  0]LogInit: Computer: Z390AI9
[2020.04.09-15.00.42:860][  0]LogInit: User: User
[2020.04.09-15.00.42:860][  0]LogInit: CPU Page size=4096, Cores=8
[2020.04.09-15.00.42:860][  0]LogInit: High frequency timer resolution =10.000000 MHz
[2020.04.09-15.00.42:860][  0]LogMemory: Memory total: Physical=63.9GB (64GB approx)
[2020.04.09-15.00.42:860][  0]LogMemory: Platform Memory Stats for Windows
[2020.04.09-15.00.42:860][  0]LogMemory: Process Physical Memory: 106.77 MB used, 106.78 MB peak
[2020.04.09-15.00.42:860][  0]LogMemory: Process Virtual Memory: 102.29 MB used, 102.29 MB peak
[2020.04.09-15.00.42:860][  0]LogMemory: Physical Memory: 10551.86 MB used,  54899.23 MB free, 65451.08 MB total
[2020.04.09-15.00.42:860][  0]LogMemory: Virtual Memory: 5179.27 MB used,  134212552.00 MB free, 134217728.00 MB total
[2020.04.09-15.00.42:862][  0]LogWindows: WindowsPlatformFeatures enabled
[2020.04.09-15.00.42:875][  0]LogInit: Using OS detected language (en-GB).
[2020.04.09-15.00.42:875][  0]LogInit: Using OS detected locale (en-US).
[2020.04.09-15.00.42:875][  0]LogTextLocalizationManager: No specific localization for 'en-GB' exists, so the 'en' localization will be used.
[2020.04.09-15.00.42:972][  0]LogInit: Setting process to per monitor DPI aware
[2020.04.09-15.00.42:993][  0]LogSlate: New Slate User Created.  User Index 0, Is Virtual User: 0
[2020.04.09-15.00.42:993][  0]LogSlate: Slate User Registered.  User Index 0, Is Virtual User: 0
[2020.04.09-15.00.43:077][  0]LogHMD: Failed to initialize OpenVR with code 110
[2020.04.09-15.00.43:077][  0]LogD3D11RHI: D3D11 min allowed feature level: 11_0
[2020.04.09-15.00.43:077][  0]LogD3D11RHI: D3D11 max allowed feature level: 11_0
[2020.04.09-15.00.43:077][  0]LogD3D11RHI: D3D11 adapters:
[2020.04.09-15.00.43:115][  0]LogD3D11RHI:    0. 'NVIDIA GeForce GTX 1080' (Feature Level 11_0)
[2020.04.09-15.00.43:115][  0]LogD3D11RHI:       8079/0/32725 MB DedicatedVideo/DedicatedSystem/SharedSystem, Outputs:2, VendorId:0x10de
[2020.04.09-15.00.43:116][  0]LogD3D11RHI:    1. 'Microsoft Basic Render Driver' (Feature Level 11_0)
[2020.04.09-15.00.43:116][  0]LogD3D11RHI:       0/0/32725 MB DedicatedVideo/DedicatedSystem/SharedSystem, Outputs:0, VendorId:0x1414
[2020.04.09-15.00.43:116][  0]LogD3D11RHI: Chosen D3D11 Adapter: 0
[2020.04.09-15.00.43:122][  0]LogD3D11RHI: Creating new Direct3DDevice
[2020.04.09-15.00.43:122][  0]LogD3D11RHI:     GPU DeviceId: 0x1b80 (for the marketing name, search the web for "GPU Device Id")
[2020.04.09-15.00.43:122][  0]LogWindows: EnumDisplayDevices:
[2020.04.09-15.00.43:122][  0]LogWindows:    0. 'NVIDIA GeForce GTX 1080' (P:1 D:1)
[2020.04.09-15.00.43:122][  0]LogWindows:    1. 'NVIDIA GeForce GTX 1080' (P:0 D:1)
[2020.04.09-15.00.43:123][  0]LogWindows:    2. 'NVIDIA GeForce GTX 1080' (P:0 D:0)
[2020.04.09-15.00.43:123][  0]LogWindows:    3. 'NVIDIA GeForce GTX 1080' (P:0 D:0)
[2020.04.09-15.00.43:123][  0]LogWindows: DebugString: FoundDriverCount:4 
[2020.04.09-15.00.43:123][  0]LogD3D11RHI:     Adapter Name: NVIDIA GeForce GTX 1080
[2020.04.09-15.00.43:123][  0]LogD3D11RHI:   Driver Version: 445.75 (internal:26.21.14.4575, unified:445.75)
[2020.04.09-15.00.43:123][  0]LogD3D11RHI:      Driver Date: 3-17-2020
[2020.04.09-15.00.43:123][  0]LogRHI: Texture pool is 5655 MB (70% of 8079 MB)
[2020.04.09-15.00.43:151][  0]LogD3D11RHI: RHI has support for 64 bit atomics
[2020.04.09-15.00.43:151][  0]LogD3D11RHI: Async texture creation enabled
[2020.04.09-15.00.43:161][  0]LogD3D11RHI: GPU Timing Frequency: 1000.000000 (Debug: 2 1)
[2020.04.09-15.00.43:331][  0]LogTargetPlatformManager: Display: Loaded TargetPlatform 'AllDesktop'
[2020.04.09-15.00.43:351][  0]LogTargetPlatformManager: Display: Loaded TargetPlatform 'Android'
[2020.04.09-15.00.43:351][  0]LogTargetPlatformManager: Display: Loaded TargetPlatform 'Android_ASTC'
[2020.04.09-15.00.43:351][  0]LogTargetPlatformManager: Display: Loaded TargetPlatform 'Android_ATC'
[2020.04.09-15.00.43:351][  0]LogTargetPlatformManager: Display: Loaded TargetPlatform 'Android_DXT'
[2020.04.09-15.00.43:351][  0]LogTargetPlatformManager: Display: Loaded TargetPlatform 'Android_ETC1'
[2020.04.09-15.00.43:351][  0]LogTargetPlatformManager: Display: Loaded TargetPlatform 'Android_ETC1a'
[2020.04.09-15.00.43:351][  0]LogTargetPlatformManager: Display: Loaded TargetPlatform 'Android_ETC2'
[2020.04.09-15.00.43:351][  0]LogTargetPlatformManager: Display: Loaded TargetPlatform 'Android_PVRTC'
[2020.04.09-15.00.43:351][  0]LogTargetPlatformManager: Display: Loaded TargetPlatform 'AndroidClient'
[2020.04.09-15.00.43:351][  0]LogTargetPlatformManager: Display: Loaded TargetPlatform 'Android_ASTCClient'
[2020.04.09-15.00.43:351][  0]LogTargetPlatformManager: Display: Loaded TargetPlatform 'Android_ATCClient'
[2020.04.09-15.00.43:351][  0]LogTargetPlatformManager: Display: Loaded TargetPlatform 'Android_DXTClient'
[2020.04.09-15.00.43:351][  0]LogTargetPlatformManager: Display: Loaded TargetPlatform 'Android_ETC1Client'
[2020.04.09-15.00.43:351][  0]LogTargetPlatformManager: Display: Loaded TargetPlatform 'Android_ETC1aClient'
[2020.04.09-15.00.43:351][  0]LogTargetPlatformManager: Display: Loaded TargetPlatform 'Android_ETC2Client'
[2020.04.09-15.00.43:351][  0]LogTargetPlatformManager: Display: Loaded TargetPlatform 'Android_PVRTCClient'
[2020.04.09-15.00.43:351][  0]LogTargetPlatformManager: Display: Loaded TargetPlatform 'Android_Multi'
[2020.04.09-15.00.43:351][  0]LogTargetPlatformManager: Display: Loaded TargetPlatform 'Android_MultiClient'
[2020.04.09-15.00.43:363][  0]LogTargetPlatformManager: Display: Loaded TargetPlatform 'IOSClient'
[2020.04.09-15.00.43:363][  0]LogTargetPlatformManager: Display: Loaded TargetPlatform 'IOS'
[2020.04.09-15.00.43:368][  0]LogTargetPlatformManager: Display: Loaded TargetPlatform 'LinuxNoEditor'
[2020.04.09-15.00.43:373][  0]LogTargetPlatformManager: Display: Loaded TargetPlatform 'LinuxClient'
[2020.04.09-15.00.43:377][  0]LogTargetPlatformManager: Display: Loaded TargetPlatform 'LinuxServer'
[2020.04.09-15.00.43:382][  0]LogTargetPlatformManager: Display: Loaded TargetPlatform 'LinuxAArch64NoEditor'
[2020.04.09-15.00.43:386][  0]LogTargetPlatformManager: Display: Loaded TargetPlatform 'LinuxAArch64Client'
[2020.04.09-15.00.43:391][  0]LogTargetPlatformManager: Display: Loaded TargetPlatform 'LinuxAArch64Server'
[2020.04.09-15.00.43:407][  0]LogTargetPlatformManager: Display: Loaded TargetPlatform 'Lumin'
[2020.04.09-15.00.43:407][  0]LogTargetPlatformManager: Display: Loaded TargetPlatform 'LuminClient'
[2020.04.09-15.00.43:416][  0]LogTargetPlatformManager: Display: Loaded TargetPlatform 'TVOSClient'
[2020.04.09-15.00.43:416][  0]LogTargetPlatformManager: Display: Loaded TargetPlatform 'TVOS'
[2020.04.09-15.00.43:420][  0]LogTargetPlatformManager: Display: Loaded TargetPlatform 'WindowsNoEditor'
[2020.04.09-15.00.43:425][  0]LogTargetPlatformManager: Display: Loaded TargetPlatform 'Windows'
[2020.04.09-15.00.43:430][  0]LogTargetPlatformManager: Display: Loaded TargetPlatform 'WindowsClient'
[2020.04.09-15.00.43:435][  0]LogTargetPlatformManager: Display: Loaded TargetPlatform 'WindowsServer'
[2020.04.09-15.00.43:435][  0]LogTargetPlatformManager: Display: Building Assets For Windows
[2020.04.09-15.00.43:436][  0]LogAudioDebug: Display: Lib vorbis DLL was dynamically loaded.
[2020.04.09-15.00.43:449][  0]LogShaderCompilers: Guid format shader working directory is -10 characters bigger than the processId version (../../../../../../Users/User/Documents/GitHub/IsoTetris/Intermediate/Shaders/WorkingDirectory/7528/).
[2020.04.09-15.00.43:450][  0]LogShaderCompilers: Cleaned the shader compiler working directory 'C:/Users/User/AppData/Local/Temp/UnrealShaderWorkingDir/76CB827048BAFC9851D7ACB4315F097C/'.
[2020.04.09-15.00.43:450][  0]LogXGEController: Cleaning working directory: C:/Users/User/AppData/Local/Temp/UnrealXGEWorkingDir/
[2020.04.09-15.00.43:450][  0]LogXGEController: Cannot use XGE Controller as Incredibuild is not installed on this machine.
[2020.04.09-15.00.43:450][  0]LogShaderCompilers: Cannot use XGE Shader Compiler as Incredibuild is not installed on this machine.
[2020.04.09-15.00.43:450][  0]LogShaderCompilers: Display: Using Local Shader Compiler.
[2020.04.09-15.00.43:951][  0]LogDerivedDataCache: Display: Max Cache Size: 512 MB
[2020.04.09-15.00.43:986][  0]LogDerivedDataCache: Loaded boot cache 0.04s 78MB C:/Users/User/AppData/Local/UnrealEngine/4.24/DerivedDataCache/Boot.ddc.
[2020.04.09-15.00.43:986][  0]LogDerivedDataCache: Display: Loaded Boot cache: C:/Users/User/AppData/Local/UnrealEngine/4.24/DerivedDataCache/Boot.ddc
[2020.04.09-15.00.43:986][  0]LogDerivedDataCache: FDerivedDataBackendGraph:  Pak pak cache file ../../../../../../Users/User/Documents/GitHub/IsoTetris/DerivedDataCache/DDC.ddp not found, will not use a pak cache.
[2020.04.09-15.00.43:986][  0]LogDerivedDataCache: Unable to find inner node Pak for hierarchical cache Hierarchy.
[2020.04.09-15.00.43:986][  0]LogDerivedDataCache: FDerivedDataBackendGraph:  CompressedPak pak cache file ../../../../../../Users/User/Documents/GitHub/IsoTetris/DerivedDataCache/Compressed.ddp not found, will not use a pak cache.
[2020.04.09-15.00.43:987][  0]LogDerivedDataCache: Unable to find inner node CompressedPak for hierarchical cache Hierarchy.
[2020.04.09-15.00.43:994][  0]LogDerivedDataCache: Display: Pak cache opened for reading ../../../Engine/DerivedDataCache/Compressed.ddp.
[2020.04.09-15.00.43:994][  0]LogDerivedDataCache: FDerivedDataBackendGraph:  EnterprisePak pak cache file ../../../Enterprise/DerivedDataCache/Compressed.ddp not found, will not use a pak cache.
[2020.04.09-15.00.43:994][  0]LogDerivedDataCache: Unable to find inner node EnterprisePak for hierarchical cache Hierarchy.
[2020.04.09-15.00.43:994][  0]LogDerivedDataCache: Using Local data cache path C:/Users/User/AppData/Local/UnrealEngine/Common/DerivedDataCache: Writable
[2020.04.09-15.00.43:994][  0]LogDerivedDataCache: Shared data cache path not found in *engine.ini, will not use an Shared cache.
[2020.04.09-15.00.43:994][  0]LogDerivedDataCache: Unable to find inner node Shared for hierarchical cache Hierarchy.
[2020.04.09-15.00.44:011][  0]LogMaterial: Verifying Global Shaders for PCD3D_SM5
[2020.04.09-15.00.44:013][  0]LogSlate: Using FreeType 2.10.0
[2020.04.09-15.00.44:013][  0]LogSlate: SlateFontServices - WITH_FREETYPE: 1, WITH_HARFBUZZ: 1
[2020.04.09-15.00.44:046][  0]LogAssetRegistry: FAssetRegistry took 0.0017 seconds to start up
[2020.04.09-15.00.44:238][  0]LogInit: Selected Device Profile: [Windows]
[2020.04.09-15.00.44:341][  0]LogMeshReduction: Using QuadricMeshReduction for automatic static mesh reduction
[2020.04.09-15.00.44:341][  0]LogMeshReduction: Using SimplygonMeshReduction for automatic skeletal mesh reduction
[2020.04.09-15.00.44:341][  0]LogMeshReduction: Using ProxyLODMeshReduction for automatic mesh merging
[2020.04.09-15.00.44:341][  0]LogMeshReduction: No distributed automatic mesh merging module available
[2020.04.09-15.00.44:341][  0]LogMeshMerging: No distributed automatic mesh merging module available
[2020.04.09-15.00.44:350][  0]LogNetVersion: IsoTetris 1.0.0, NetCL: 10570792, EngineNetVer: 13, GameNetVer: 0 (Checksum: 2822002020)
[2020.04.09-15.00.45:023][  0]LogPackageLocalizationCache: Processed 11 localized package path(s) for 1 prioritized culture(s) in 0.027642 seconds
[2020.04.09-15.00.45:028][  0]LogUObjectArray: 46750 objects as part of root set at end of initial load.
[2020.04.09-15.00.45:028][  0]LogUObjectAllocator: 8137160 out of 0 bytes used by permanent object pool.
[2020.04.09-15.00.45:028][  0]LogUObjectArray: CloseDisregardForGC: 0/0 objects in disregard for GC pool
[2020.04.09-15.00.45:279][  0]LogTcpMessaging: Initializing TcpMessaging bridge
[2020.04.09-15.00.45:281][  0]LogUdpMessaging: Initializing bridge on interface 0.0.0.0:0 to multicast group 230.0.0.1:6666.
[2020.04.09-15.00.45:310][  0]SourceControl: Source control is disabled
[2020.04.09-15.00.45:310][  0]SourceControl: Source control is disabled
[2020.04.09-15.00.45:311][  0]SourceControl: Source control is disabled
[2020.04.09-15.00.45:311][  0]SourceControl: Source control is disabled
[2020.04.09-15.00.45:311][  0]SourceControl: Source control is disabled
[2020.04.09-15.00.45:357][  0]LogAndroidPermission: UAndroidPermissionCallbackProxy::GetInstance
[2020.04.09-15.00.45:362][  0]LogAudioCaptureCore: Display: No Audio Capture implementations found. Audio input will be silent.
[2020.04.09-15.00.45:363][  0]LogAudioCaptureCore: Display: No Audio Capture implementations found. Audio input will be silent.
[2020.04.09-15.00.45:418][  0]LogOcInput: OculusInput pre-init called
[2020.04.09-15.00.45:423][  0]LogWindows: Failed to load 'OVRPlugin.dll' (GetLastError=126)
[2020.04.09-15.00.45:423][  0]LogWindows: File 'OVRPlugin.dll' does not exist
[2020.04.09-15.00.45:467][  0]LogEngine: Initializing Engine...
[2020.04.09-15.00.45:468][  0]LogHMD: Failed to initialize OpenVR with code 110
[2020.04.09-15.00.45:469][  0]LogStats: UGameplayTagsManager::InitializeManager -  0.000 s
[2020.04.09-15.00.45:693][  0]LogInit: Initializing FReadOnlyCVARCache
[2020.04.09-15.00.45:697][  0]LogAIModule: Creating AISystem for world Untitled
[2020.04.09-15.00.45:707][  0]LogAudioMixer: Display: Audio Mixer Platform Settings:
[2020.04.09-15.00.45:707][  0]LogAudioMixer: Display: 	Sample Rate:						  48000
[2020.04.09-15.00.45:707][  0]LogAudioMixer: Display: 	Callback Buffer Frame Size Requested: 1024
[2020.04.09-15.00.45:707][  0]LogAudioMixer: Display: 	Callback Buffer Frame Size To Use:	  1024
[2020.04.09-15.00.45:707][  0]LogAudioMixer: Display: 	Number of buffers to queue:			  2
[2020.04.09-15.00.45:707][  0]LogAudioMixer: Display: 	Max Channels (voices):				  32
[2020.04.09-15.00.45:707][  0]LogAudioMixer: Display: 	Number of Async Source Workers:		  0
[2020.04.09-15.00.45:707][  0]LogAudio: Display: AudioDevice MaxSources: 32
[2020.04.09-15.00.45:708][  0]LogAudio: Display: Using built-in audio occlusion.
[2020.04.09-15.00.45:708][  0]LogAudioMixer: Display: Initializing audio mixer.
[2020.04.09-15.00.45:726][  0]LogAudioMixer: Display: Audio Device Output Speaker Info:
[2020.04.09-15.00.45:726][  0]LogAudioMixer: Display: Name: Speakers (Realtek(R) Audio)
[2020.04.09-15.00.45:726][  0]LogAudioMixer: Display: Is Default: Yes
[2020.04.09-15.00.45:726][  0]LogAudioMixer: Display: Sample Rate: 48000
[2020.04.09-15.00.45:726][  0]LogAudioMixer: Display: Channel Count Used: 2
[2020.04.09-15.00.45:726][  0]LogAudioMixer: Display: Device Channel Count: 2
[2020.04.09-15.00.45:726][  0]LogAudioMixer: Display: Channel Order:
[2020.04.09-15.00.45:726][  0]LogAudioMixer: Display: 0: FrontLeft
[2020.04.09-15.00.45:726][  0]LogAudioMixer: Display: 1: FrontRight
[2020.04.09-15.00.45:809][  0]LogAudioMixer: Display: Using Audio Device Speakers (Realtek(R) Audio)
[2020.04.09-15.00.45:813][  0]LogInit: FAudioDevice initialized.
[2020.04.09-15.00.45:813][  0]LogNetVersion: Set ProjectVersion to 1.0.0.0. Version Checksum will be recalculated on next use.
[2020.04.09-15.00.45:851][  0]LogDerivedDataCache: Saved boot cache 0.04s 78MB C:/Users/User/AppData/Local/UnrealEngine/4.24/DerivedDataCache/Boot.ddc.
[2020.04.09-15.00.45:854][  0]LogInit: Texture streaming: Enabled
[2020.04.09-15.00.45:861][  0]LogEngineSessionManager: EngineSessionManager initialized
[2020.04.09-15.00.45:861][  0]LogEngineSessionManager: EngineSessionManager sent abnormal shutdown report. Type=Crashed, SessionId={6243469C-4B17-FE3D-66E4-E3947D1470B8}
[2020.04.09-15.00.45:861][  0]LogEditorSessionSummary: Verbose: Initializing EditorSessionSummaryWriter for editor session tracking
[2020.04.09-15.00.45:862][  0]LogEditorSessionSummary: EditorSessionSummaryWriter initialized
[2020.04.09-15.00.45:901][  0]LogInit: Transaction tracking system initialized
[2020.04.09-15.00.45:907][  0]BlueprintLog: New page: Editor Load
[2020.04.09-15.00.45:928][  0]LocalizationService: Localization service is disabled
[2020.04.09-15.00.45:949][  0]LogLinker: Warning: Failed to load '/Game/FlyingBP/FlyingOverview': Can't find file.
[2020.04.09-15.00.45:949][  0]LogLinker: Warning: Failed to load '/Game/FlyingBP/FlyingOverview': Can't find file.
[2020.04.09-15.00.45:949][  0]LogUObjectGlobals: Warning: Failed to find object 'Class /Game/FlyingBP/FlyingOverview.FlyingOverview_C'
[2020.04.09-15.00.46:102][  0]LogFileCache: Scanning file cache for directory 'C:/Users/User/Documents/GitHub/IsoTetris/Content/' took 0.00s
[2020.04.09-15.00.46:102][  0]LogCook: Display: Max memory allowance for cook 16384mb min free memory 0mb
[2020.04.09-15.00.46:102][  0]LogCook: Display: Mobile HDR setting 1
[2020.04.09-15.00.47:568][  0]SourceControl: Source control is disabled
[2020.04.09-15.00.47:568][  0]Cmd: MAP LOAD FILE="../../../../../../Users/User/Documents/GitHub/IsoTetris/Content/FlyingBP/Maps/FlyingExampleMap.umap" TEMPLATE=0 SHOWPROGRESS=1 FEATURELEVEL=3
[2020.04.09-15.00.47:568][  0]LogEditorServer: Warning: Can't find file '../../../../../../Users/User/Documents/GitHub/IsoTetris/Content/FlyingBP/Maps/FlyingExampleMap.umap'
[2020.04.09-15.00.47:568][  0]Cmd: MAP CHECKDEP NOCLEARLOG
[2020.04.09-15.00.47:568][  0]MapCheck: Map check complete: 0 Error(s), 0 Warning(s), took 0.096ms to complete.
[2020.04.09-15.00.47:568][  0]LogFileHelpers: Loading map 'FlyingExampleMap' took 0.000
[2020.04.09-15.00.47:687][  0]LogSlate: Updating window title bar state: overlay mode, drag disabled, window buttons hidden, title bar hidden
[2020.04.09-15.00.47:691][  0]LogSlate: Updating window title bar state: overlay mode, drag disabled, window buttons hidden, title bar hidden
[2020.04.09-15.00.47:695][  0]LogSlate: Updating window title bar state: overlay mode, drag disabled, window buttons hidden, title bar hidden
[2020.04.09-15.00.47:699][  0]LogSlate: Updating window title bar state: overlay mode, drag disabled, window buttons hidden, title bar hidden
[2020.04.09-15.00.47:702][  0]LogCollectionManager: Loaded 0 collections in 0.001033 seconds
[2020.04.09-15.00.47:710][  0]LogFileCache: Scanning file cache for directory 'C:/Users/User/Documents/GitHub/IsoTetris/Saved/Collections/' took 0.00s
[2020.04.09-15.00.47:710][  0]LogFileCache: Scanning file cache for directory 'C:/Users/User/Documents/GitHub/IsoTetris/Content/Developers/User/Collections/' took 0.00s
[2020.04.09-15.00.47:710][  0]LogFileCache: Scanning file cache for directory 'C:/Users/User/Documents/GitHub/IsoTetris/Content/Collections/' took 0.00s
[2020.04.09-15.00.47:710][  0]LogContentBrowser: Native class hierarchy populated in 0.0058 seconds. Added 3015 classes and 717 folders.
[2020.04.09-15.00.47:712][  0]LogContentBrowser: Native class hierarchy updated for 'WidgetCarousel' in 0.0002 seconds. Added 0 classes and 0 folders.
[2020.04.09-15.00.47:745][  0]LogContentBrowser: Native class hierarchy updated for 'AddContentDialog' in 0.0002 seconds. Added 0 classes and 0 folders.
[2020.04.09-15.00.47:747][  0]LogContentBrowser: Native class hierarchy updated for 'SceneOutliner' in 0.0002 seconds. Added 2 classes and 3 folders.
[2020.04.09-15.00.47:752][  0]LogContentBrowser: Native class hierarchy updated for 'WorldBrowser' in 0.0002 seconds. Added 2 classes and 3 folders.
[2020.04.09-15.00.47:825][  0]LogSlate: Took 0.000137 seconds to synchronously load lazily loaded font '../../../Engine/Content/Slate/Fonts/Roboto-Regular.ttf' (155K)
[2020.04.09-15.00.47:826][  0]LogSlate: Took 0.000094 seconds to synchronously load lazily loaded font '../../../Engine/Content/Slate/Fonts/Roboto-Bold.ttf' (160K)
[2020.04.09-15.00.47:829][  0]LogSlate: Took 0.000104 seconds to synchronously load lazily loaded font '../../../Engine/Content/Editor/Slate/Fonts/FontAwesome.ttf' (139K)
[2020.04.09-15.00.47:879][  0]LogRenderer: Reallocating scene render targets to support 1060x532 Format 10 NumSamples 1 (Frame:1).
[2020.04.09-15.00.47:928][  0]LogContentBrowser: Native class hierarchy updated for 'HierarchicalLODOutliner' in 0.0002 seconds. Added 0 classes and 0 folders.
[2020.04.09-15.00.47:928][  0]LogLoad: (Engine Initialization) Total time: 5.89 seconds
[2020.04.09-15.00.47:928][  0]LogLoad: (Engine Initialization) Total Blueprint compile time: 0.00 seconds
[2020.04.09-15.00.47:961][  0]LogAssetRegistry: Asset discovery search completed in 3.9152 seconds
[2020.04.09-15.00.47:963][  0]LogCollectionManager: Fixed up redirectors for 0 collections in 0.000005 seconds (updated 0 objects)
[2020.04.09-15.00.47:966][  0]LogContentStreaming: Texture pool size now 1000 MB
[2020.04.09-15.00.47:992][  0]LogSlate: Took 0.000095 seconds to synchronously load lazily loaded font '../../../Engine/Content/Slate/Fonts/Roboto-Light.ttf' (167K)
[2020.04.09-15.00.48:954][113]LogSlate: Took 0.000098 seconds to synchronously load lazily loaded font '../../../Engine/Content/Slate/Fonts/Roboto-Light.ttf' (167K)
[2020.04.09-15.00.59:080][249]LogAIModule: Creating AISystem for world Yosi
[2020.04.09-15.00.59:082][249]LogAssetEditorSubsystem: Opening Asset editor for World /Game/TetrisBP/Maps/Yosi.Yosi
[2020.04.09-15.00.59:109][249]LogUObjectHash: Compacting FUObjectHashTables data took   1.60ms
[2020.04.09-15.00.59:112][249]Cmd: MAP LOAD FILE="../../../../../../Users/User/Documents/GitHub/IsoTetris/Content/TetrisBP/Maps/Yosi.umap" TEMPLATE=0 SHOWPROGRESS=1 FEATURELEVEL=3
[2020.04.09-15.00.59:112][249]LightingResults: New page: Lighting Build
[2020.04.09-15.00.59:112][249]LogContentBrowser: Native class hierarchy updated for 'StatsViewer' in 0.0002 seconds. Added 5 classes and 0 folders.
[2020.04.09-15.00.59:113][249]LoadErrors: New page: Loading map: Yosi.umap
[2020.04.09-15.00.59:113][249]LogWorld: UWorld::CleanupWorld for Untitled, bSessionEnded=true, bCleanupResources=true
[2020.04.09-15.00.59:113][249]LogSlate: InvalidateAllWidgets triggered.  All widgets were invalidated
[2020.04.09-15.00.59:113][249]MapCheck: New page: Map Check
[2020.04.09-15.00.59:113][249]LightingResults: New page: Lighting Build
[2020.04.09-15.00.59:141][249]LogUObjectHash: Compacting FUObjectHashTables data took   1.24ms
[2020.04.09-15.00.59:180][249]LogEditorServer: Finished looking for orphan Actors (0.000 secs)
[2020.04.09-15.00.59:210][249]LogUObjectHash: Compacting FUObjectHashTables data took   1.00ms
[2020.04.09-15.00.59:233][249]Cmd: MAP CHECKDEP NOCLEARLOG
[2020.04.09-15.00.59:233][249]MapCheck: Map check complete: 0 Error(s), 0 Warning(s), took 0.079ms to complete.
[2020.04.09-15.00.59:233][249]LogFileHelpers: Loading map 'Yosi' took 0.121
[2020.04.09-15.01.04:578][880]Cmd: DELETE
[2020.04.09-15.01.04:578][880]Cmd: ACTOR DELETE
[2020.04.09-15.01.04:637][880]LogLinker: Warning: While loading '../../../../../../Users/User/Documents/GitHub/IsoTetris/Content/StarterContent/Materials/M_Metal_Rust.uasset' failed to load '/Game/StarterContent/Textures/T_MacroVariation': Can't find file.
[2020.04.09-15.01.04:638][880]LogLinker: Warning: While loading '../../../../../../Users/User/Documents/GitHub/IsoTetris/Content/StarterContent/Materials/M_Metal_Rust.uasset' failed to load '/Game/StarterContent/Textures/T_MacroVariation': Can't find file.
[2020.04.09-15.01.04:638][880]LogLinker: Warning: While loading '../../../../../../Users/User/Documents/GitHub/IsoTetris/Content/StarterContent/Materials/M_Metal_Rust.uasset' failed to load '/Game/StarterContent/Textures/T_MacroVariation': Can't find file.
[2020.04.09-15.01.04:638][880]LogLinker: Warning: While loading '../../../../../../Users/User/Documents/GitHub/IsoTetris/Content/StarterContent/Materials/M_Metal_Rust.uasset' failed to load '/Game/StarterContent/Textures/T_MacroVariation': Can't find file.
[2020.04.09-15.01.04:664][880]LogLinker: Warning: While loading '../../../../../../Users/User/Documents/GitHub/IsoTetris/Content/StarterContent/Materials/M_Metal_Rust.uasset' failed to load '/Game/StarterContent/Textures/T_MacroVariation': Can't find file.
[2020.04.09-15.01.04:664][880]LoadErrors: Failed to load /Game/StarterContent/Textures/T_MacroVariation.T_MacroVariation Referenced by MaterialExpressionTextureSample_58
[2020.04.09-15.01.04:664][880]LogLinker: Warning: While loading '../../../../../../Users/User/Documents/GitHub/IsoTetris/Content/StarterContent/Materials/M_Metal_Rust.uasset' failed to load '/Game/StarterContent/Textures/T_MacroVariation': Can't find file.
[2020.04.09-15.01.04:664][880]LogLinker: Warning: While loading '../../../../../../Users/User/Documents/GitHub/IsoTetris/Content/StarterContent/Materials/M_Metal_Rust.uasset' failed to load '/Game/StarterContent/Textures/T_MacroVariation': Can't find file.
[2020.04.09-15.01.04:664][880]LoadErrors: Failed to load /Game/StarterContent/Textures/T_MacroVariation.T_MacroVariation Referenced by MaterialExpressionTextureSample_59
[2020.04.09-15.01.04:664][880]LogLinker: Warning: While loading '../../../../../../Users/User/Documents/GitHub/IsoTetris/Content/StarterContent/Materials/M_Metal_Rust.uasset' failed to load '/Game/StarterContent/Textures/T_MacroVariation': Can't find file.
[2020.04.09-15.01.04:708][880]LogMaterial: Display: Missing cached shader map for material M_Metal_Rust, compiling. 
[2020.04.09-15.01.04:709][880]LogMaterial: Warning: C:\Users\User\Documents\GitHub\IsoTetris\Content\StarterContent\Materials\M_Metal_Rust.uasset: Failed to compile Material for platform PCD3D_SM5, Default Material will be used in game.
[2020.04.09-15.01.04:709][880]LogMaterial: Display: 	(Node TextureSample) Texture Sample> Missing input texture
[2020.04.09-15.01.04:719][880]LogLevelStreaming: Display: Failed to find streaming level package file: /Game/Maps/Tom_Backup. This streaming level may not load or save properly.
[2020.04.09-15.01.04:737][880]LogAIModule: Creating AISystem for world FlyingExampleMap
[2020.04.09-15.01.04:752][880]LogLinker: Warning: While loading '../../../../../../Users/User/Documents/GitHub/IsoTetris/Content/StarterContent/Particles/Materials/M_smoke_subUV.uasset' failed to load '/Game/StarterContent/Textures/T_Smoke_SubUV': Can't find file.
[2020.04.09-15.01.04:753][880]LogLinker: Warning: While loading '../../../../../../Users/User/Documents/GitHub/IsoTetris/Content/StarterContent/Particles/Materials/M_smoke_subUV.uasset' failed to load '/Game/StarterContent/Textures/T_Smoke_SubUV': Can't find file.
[2020.04.09-15.01.04:753][880]LogLinker: Warning: While loading '../../../../../../Users/User/Documents/GitHub/IsoTetris/Content/StarterContent/Particles/Materials/M_smoke_subUV.uasset' failed to load '/Game/StarterContent/Textures/T_Smoke_Tiled_D': Can't find file.
[2020.04.09-15.01.04:753][880]LogLinker: Warning: While loading '../../../../../../Users/User/Documents/GitHub/IsoTetris/Content/StarterContent/Particles/Materials/M_smoke_subUV.uasset' failed to load '/Game/StarterContent/Textures/T_Smoke_Tiled_D': Can't find file.
[2020.04.09-15.01.04:753][880]LogLinker: Warning: While loading '../../../../../../Users/User/Documents/GitHub/IsoTetris/Content/StarterContent/Particles/Materials/M_smoke_subUV.uasset' failed to load '/Game/StarterContent/Textures/T_Smoke_SubUV': Can't find file.
[2020.04.09-15.01.04:753][880]LogLinker: Warning: While loading '../../../../../../Users/User/Documents/GitHub/IsoTetris/Content/StarterContent/Particles/Materials/M_smoke_subUV.uasset' failed to load '/Game/StarterContent/Textures/T_Smoke_SubUV': Can't find file.
[2020.04.09-15.01.04:753][880]LogLinker: Warning: While loading '../../../../../../Users/User/Documents/GitHub/IsoTetris/Content/StarterContent/Particles/Materials/M_smoke_subUV.uasset' failed to load '/Game/StarterContent/Textures/T_Smoke_Tiled_D': Can't find file.
[2020.04.09-15.01.04:753][880]LogLinker: Warning: While loading '../../../../../../Users/User/Documents/GitHub/IsoTetris/Content/StarterContent/Particles/Materials/M_smoke_subUV.uasset' failed to load '/Game/StarterContent/Textures/T_Smoke_Tiled_D': Can't find file.
[2020.04.09-15.01.04:754][880]LogLinker: Warning: While loading '../../../../../../Users/User/Documents/GitHub/IsoTetris/Content/StarterContent/Particles/Materials/M_Spark.uasset' failed to load '/Game/StarterContent/Textures/T_Spark_Core': Can't find file.
[2020.04.09-15.01.04:754][880]LogLinker: Warning: While loading '../../../../../../Users/User/Documents/GitHub/IsoTetris/Content/StarterContent/Particles/Materials/M_Spark.uasset' failed to load '/Game/StarterContent/Textures/T_Spark_Core': Can't find file.
[2020.04.09-15.01.04:754][880]LogLinker: Warning: While loading '../../../../../../Users/User/Documents/GitHub/IsoTetris/Content/StarterContent/Particles/Materials/M_Spark.uasset' failed to load '/Game/StarterContent/Textures/T_Spark_Core': Can't find file.
[2020.04.09-15.01.04:754][880]LogLinker: Warning: While loading '../../../../../../Users/User/Documents/GitHub/IsoTetris/Content/StarterContent/Particles/Materials/M_Spark.uasset' failed to load '/Game/StarterContent/Textures/T_Spark_Core': Can't find file.
[2020.04.09-15.01.04:842][880]LogLinker: Warning: While loading '../../../../../../Users/User/Documents/GitHub/IsoTetris/Content/StarterContent/Particles/Materials/M_smoke_subUV.uasset' failed to load '/Game/StarterContent/Textures/T_Smoke_SubUV': Can't find file.
[2020.04.09-15.01.04:842][880]LoadErrors: Failed to load /Game/StarterContent/Textures/T_Smoke_SubUV.T_Smoke_SubUV Referenced by MaterialExpressionParticleSubUV_0
[2020.04.09-15.01.04:842][880]LogLinker: Warning: While loading '../../../../../../Users/User/Documents/GitHub/IsoTetris/Content/StarterContent/Particles/Materials/M_smoke_subUV.uasset' failed to load '/Game/StarterContent/Textures/T_Smoke_SubUV': Can't find file.
[2020.04.09-15.01.04:842][880]LogLinker: Warning: While loading '../../../../../../Users/User/Documents/GitHub/IsoTetris/Content/StarterContent/Particles/Materials/M_smoke_subUV.uasset' failed to load '/Game/StarterContent/Textures/T_Smoke_Tiled_D': Can't find file.
[2020.04.09-15.01.04:842][880]LoadErrors: Failed to load /Game/StarterContent/Textures/T_Smoke_Tiled_D.T_Smoke_Tiled_D Referenced by MaterialExpressionTextureSample_0
[2020.04.09-15.01.04:842][880]LogLinker: Warning: While loading '../../../../../../Users/User/Documents/GitHub/IsoTetris/Content/StarterContent/Particles/Materials/M_smoke_subUV.uasset' failed to load '/Game/StarterContent/Textures/T_Smoke_Tiled_D': Can't find file.
[2020.04.09-15.01.04:842][880]LogLinker: Warning: While loading '../../../../../../Users/User/Documents/GitHub/IsoTetris/Content/StarterContent/Particles/Materials/M_Spark.uasset' failed to load '/Game/StarterContent/Textures/T_Spark_Core': Can't find file.
[2020.04.09-15.01.04:842][880]LoadErrors: Failed to load /Game/StarterContent/Textures/T_Spark_Core.T_Spark_Core Referenced by MaterialExpressionTextureSample_1
[2020.04.09-15.01.04:843][880]LogLinker: Warning: While loading '../../../../../../Users/User/Documents/GitHub/IsoTetris/Content/StarterContent/Particles/Materials/M_Spark.uasset' failed to load '/Game/StarterContent/Textures/T_Spark_Core': Can't find file.
[2020.04.09-15.01.04:903][880]LogMaterial: Display: Missing cached shader map for material M_smoke_subUV, compiling. 
[2020.04.09-15.01.04:903][880]LogMaterial: Warning: C:\Users\User\Documents\GitHub\IsoTetris\Content\StarterContent\Particles\Materials\M_smoke_subUV.uasset: Failed to compile Material for platform PCD3D_SM5, Default Material will be used in game.
[2020.04.09-15.01.04:903][880]LogMaterial: Display: 	(Node TextureSample) Texture Sample> Missing input texture
[2020.04.09-15.01.04:903][880]LogMaterial: Display: 	(Node ParticleSubUV) Missing ParticleSubUV input texture
[2020.04.09-15.01.04:906][880]LogMaterial: Display: Missing cached shader map for material M_Spark, compiling. 
[2020.04.09-15.01.04:907][880]LogMaterial: Warning: C:\Users\User\Documents\GitHub\IsoTetris\Content\StarterContent\Particles\Materials\M_Spark.uasset: Failed to compile Material for platform PCD3D_SM5, Default Material will be used in game.
[2020.04.09-15.01.04:907][880]LogMaterial: Display: 	(Node TextureSample) Texture Sample> Missing input texture
[2020.04.09-15.01.04:908][880]LogAIModule: Creating AISystem for world TetrisLevel1_01
[2020.04.09-15.01.04:966][880]LogOutputDevice: Warning: 

Script Stack (0 frames):

[2020.04.09-15.01.04:967][880]LogWindows: Windows GetLastError: The operation completed successfully. (0)
[2020.04.09-15.01.05:573][880]LogWindows: Error: === Critical error: ===
[2020.04.09-15.01.05:573][880]LogWindows: Error: 
[2020.04.09-15.01.05:573][880]LogWindows: Error: Fatal error: [File:D:/Build/++UE4/Sync/Engine/Source/Runtime/CoreUObject/Private/UObject/Obj.cpp] [Line: 203] 
[2020.04.09-15.01.05:573][880]LogWindows: Error: Renaming an object (Package /Game/TetrisBP/Maps/TetrisLevel1_01_BuiltData) on top of an existing object (Package /Game/TetrisBP/Maps/TetrisLevel1_Romy_BuiltData) is not allowed
[2020.04.09-15.01.05:573][880]LogWindows: Error: 
[2020.04.09-15.01.05:573][880]LogWindows: Error: 
[2020.04.09-15.01.05:573][880]LogWindows: Error: [Callstack] 0x00007ff8d62ea859 KERNELBASE.dll!UnknownFunction []
[2020.04.09-15.01.05:573][880]LogWindows: Error: [Callstack] 0x00007ff8752ea9a6 UE4Editor-Core.dll!UnknownFunction []
[2020.04.09-15.01.05:573][880]LogWindows: Error: [Callstack] 0x00007ff8752ede48 UE4Editor-Core.dll!UnknownFunction []
[2020.04.09-15.01.05:573][880]LogWindows: Error: [Callstack] 0x00007ff8750a2c7d UE4Editor-Core.dll!UnknownFunction []
[2020.04.09-15.01.05:573][880]LogWindows: Error: [Callstack] 0x00007ff8785a4259 UE4Editor-CoreUObject.dll!UnknownFunction []
[2020.04.09-15.01.05:573][880]LogWindows: Error: [Callstack] 0x00007ff87152fdcb UE4Editor-Engine.dll!UnknownFunction []
[2020.04.09-15.01.05:573][880]LogWindows: Error: [Callstack] 0x00007ff871524688 UE4Editor-Engine.dll!UnknownFunction []
[2020.04.09-15.01.05:573][880]LogWindows: Error: [Callstack] 0x00007ff87857baca UE4Editor-CoreUObject.dll!UnknownFunction []
[2020.04.09-15.01.05:573][880]LogWindows: Error: [Callstack] 0x00007ff87859b9f6 UE4Editor-CoreUObject.dll!UnknownFunction []
[2020.04.09-15.01.05:573][880]LogWindows: Error: [Callstack] 0x00007ff87857ba27 UE4Editor-CoreUObject.dll!UnknownFunction []
[2020.04.09-15.01.05:573][880]LogWindows: Error: [Callstack] 0x00007ff87859b9f6 UE4Editor-CoreUObject.dll!UnknownFunction []
[2020.04.09-15.01.05:573][880]LogWindows: Error: [Callstack] 0x00007ff870275bff UE4Editor-Engine.dll!UnknownFunction []
[2020.04.09-15.01.05:573][880]LogWindows: Error: [Callstack] 0x00007ff87857ba27 UE4Editor-CoreUObject.dll!UnknownFunction []
[2020.04.09-15.01.05:573][880]LogWindows: Error: [Callstack] 0x00007ff87859b9f6 UE4Editor-CoreUObject.dll!UnknownFunction []
[2020.04.09-15.01.05:573][880]LogWindows: Error: [Callstack] 0x00007ff87857ba27 UE4Editor-CoreUObject.dll!UnknownFunction []
[2020.04.09-15.01.05:573][880]LogWindows: Error: [Callstack] 0x00007ff878638ee1 UE4Editor-CoreUObject.dll!UnknownFunction []
[2020.04.09-15.01.05:573][880]LogWindows: Error: [Callstack] 0x00007ff878623147 UE4Editor-CoreUObject.dll!UnknownFunction []
[2020.04.09-15.01.05:573][880]LogWindows: Error: [Callstack] 0x00007ff878648e4c UE4Editor-CoreUObject.dll!UnknownFunction []
[2020.04.09-15.01.05:573][880]LogWindows: Error: [Callstack] 0x00007ff878647dba UE4Editor-CoreUObject.dll!UnknownFunction []
[2020.04.09-15.01.05:573][880]LogWindows: Error: [Callstack] 0x00007ff8535cf41f UE4Editor-AssetTools.dll!UnknownFunction []
[2020.04.09-15.01.05:573][880]LogWindows: Error: [Callstack] 0x00007ff85359c2f2 UE4Editor-AssetTools.dll!UnknownFunction []
[2020.04.09-15.01.05:573][880]LogWindows: Error: [Callstack] 0x00007ff85359c397 UE4Editor-AssetTools.dll!UnknownFunction []
[2020.04.09-15.01.05:573][880]LogWindows: Error: [Callstack] 0x00007ff860bceb67 UE4Editor-UnrealEd.dll!UnknownFunction []
[2020.04.09-15.01.05:573][880]LogWindows: Error: [Callstack] 0x00007ff8614470f7 UE4Editor-UnrealEd.dll!UnknownFunction []
[2020.04.09-15.01.05:573][880]LogWindows: Error: [Callstack] 0x00007ff8614419c0 UE4Editor-UnrealEd.dll!UnknownFunction []
[2020.04.09-15.01.05:573][880]LogWindows: Error: [Callstack] 0x00007ff860c7bfec UE4Editor-UnrealEd.dll!UnknownFunction []
[2020.04.09-15.01.05:573][880]LogWindows: Error: [Callstack] 0x00007ff8614417d2 UE4Editor-UnrealEd.dll!UnknownFunction []
[2020.04.09-15.01.05:573][880]LogWindows: Error: [Callstack] 0x00007ff84bed9a2e UE4Editor-SceneOutliner.dll!UnknownFunction []
[2020.04.09-15.01.05:573][880]LogWindows: Error: [Callstack] 0x00007ff8748c1041 UE4Editor-Slate.dll!UnknownFunction []
[2020.04.09-15.01.05:573][880]LogWindows: Error: [Callstack] 0x00007ff87493224d UE4Editor-Slate.dll!UnknownFunction []
[2020.04.09-15.01.05:573][880]LogWindows: Error: [Callstack] 0x00007ff874927b0f UE4Editor-Slate.dll!UnknownFunction []
[2020.04.09-15.01.05:574][880]LogWindows: Error: [Callstack] 0x00007ff8c3e44918 UE4Editor-ApplicationCore.dll!UnknownFunction []
[2020.04.09-15.01.05:574][880]LogWindows: Error: [Callstack] 0x00007ff8c3e3242f UE4Editor-ApplicationCore.dll!UnknownFunction []
[2020.04.09-15.01.05:574][880]LogWindows: Error: [Callstack] 0x00007ff8c3e47195 UE4Editor-ApplicationCore.dll!UnknownFunction []
[2020.04.09-15.01.05:574][880]LogWindows: Error: [Callstack] 0x00007ff8c3e2ec40 UE4Editor-ApplicationCore.dll!UnknownFunction []
[2020.04.09-15.01.05:574][880]LogWindows: Error: [Callstack] 0x00007ff8d7d45c0d USER32.dll!UnknownFunction []
[2020.04.09-15.01.05:574][880]LogWindows: Error: [Callstack] 0x00007ff8d7d45602 USER32.dll!UnknownFunction []
[2020.04.09-15.01.05:574][880]LogWindows: Error: [Callstack] 0x00007ff8c3e48699 UE4Editor-ApplicationCore.dll!UnknownFunction []
[2020.04.09-15.01.05:574][880]LogWindows: Error: [Callstack] 0x00007ff6f1a56db0 UE4Editor.exe!UnknownFunction []
[2020.04.09-15.01.05:574][880]LogWindows: Error: [Callstack] 0x00007ff6f1a6c3ec UE4Editor.exe!UnknownFunction []
[2020.04.09-15.01.05:574][880]LogWindows: Error: [Callstack] 0x00007ff6f1a6c4ca UE4Editor.exe!UnknownFunction []
[2020.04.09-15.01.05:574][880]LogWindows: Error: [Callstack] 0x00007ff6f1a7ceae UE4Editor.exe!UnknownFunction []
[2020.04.09-15.01.05:574][880]LogWindows: Error: [Callstack] 0x00007ff6f1a7fcbe UE4Editor.exe!UnknownFunction []
[2020.04.09-15.01.05:574][880]LogWindows: Error: [Callstack] 0x00007ff8d8f87bd4 KERNEL32.DLL!UnknownFunction []
[2020.04.09-15.01.05:574][880]LogWindows: Error: [Callstack] 0x00007ff8d920ced1 ntdll.dll!UnknownFunction []
[2020.04.09-15.01.05:574][880]LogWindows: Error: 
[2020.04.09-15.01.05:581][880]LogExit: Executing StaticShutdownAfterError
[2020.04.09-15.01.05:583][880]LogWindows: FPlatformMisc::RequestExit(1)
[2020.04.09-15.01.05:583][880]LogCore: Engine exit requested (reason: Win RequestExit)
[2020.04.09-15.01.05:587][880]Log file closed, 04/09/20 18:01:05
